2020-11-09 10:23:59,167;name_user;INFO;test_e2e;style='{'
2020-11-09 10:24:01,485;email;INFO;test_e2e;style='{'
2020-11-09 10:24:09,186;name_user;INFO;test_e2e;style='{'
2020-11-09 10:24:09,186;name_user;INFO;test_e2e;style='{'
2020-11-09 10:24:11,496;email;INFO;test_e2e;style='{'
2020-11-09 10:24:11,496;email;INFO;test_e2e;style='{'
2020-11-09 10:25:28,420;{'name_user': 'Vinicius Miranda de Pinho', 'email': 'vinicius.vp@vpinho.com'};INFO;test_e2e;style='{'
2020-11-09 10:25:30,743;{'name_user': 'Vinicius Miranda de Pinho', 'email': 'vinicius.vp@vpinho.com'};INFO;test_e2e;style='{'
2020-11-09 10:25:38,430;{'name_user': 'cibelle souza', 'email': 'cibelle@souza.com'};INFO;test_e2e;style='{'
2020-11-09 10:25:38,430;{'name_user': 'cibelle souza', 'email': 'cibelle@souza.com'};INFO;test_e2e;style='{'
2020-11-09 10:25:40,752;{'name_user': 'cibelle souza', 'email': 'cibelle@souza.com'};INFO;test_e2e;style='{'
2020-11-09 10:25:40,752;{'name_user': 'cibelle souza', 'email': 'cibelle@souza.com'};INFO;test_e2e;style='{'
2020-11-09 10:28:24,901;{'name_user': 'Vinicius Miranda de Pinho', 'email': 'vinicius.vp@vpinho.com'};INFO;test_e2e;style='{'
2020-11-09 10:28:27,221;{'name_user': 'Vinicius Miranda de Pinho', 'email': 'vinicius.vp@vpinho.com'};INFO;test_e2e;style='{'
2020-11-09 10:28:32,583;Refresh 3 seconds new page: ;INFO;test_e2e;style='{'
2020-11-09 10:28:34,946;{'name_user': 'cibelle souza', 'email': 'cibelle@souza.com'};INFO;test_e2e;style='{'
2020-11-09 10:28:34,946;{'name_user': 'cibelle souza', 'email': 'cibelle@souza.com'};INFO;test_e2e;style='{'
2020-11-09 10:28:37,267;{'name_user': 'cibelle souza', 'email': 'cibelle@souza.com'};INFO;test_e2e;style='{'
2020-11-09 10:28:37,267;{'name_user': 'cibelle souza', 'email': 'cibelle@souza.com'};INFO;test_e2e;style='{'
2020-11-09 10:28:42,600;Refresh 3 seconds new page: ;INFO;test_e2e;style='{'
2020-11-09 10:28:42,600;Refresh 3 seconds new page: ;INFO;test_e2e;style='{'
2020-11-09 10:30:00,017;{'name_user': 'Vinicius Miranda de Pinho', 'email': 'vinicius.vp@vpinho.com'};INFO;test_e2e;style='{'
2020-11-09 10:30:02,333;{'name_user': 'Vinicius Miranda de Pinho', 'email': 'vinicius.vp@vpinho.com'};INFO;test_e2e;style='{'
2020-11-09 10:30:07,686;Refresh 3 seconds new page: ;INFO;test_e2e;style='{'
2020-11-09 10:30:10,022;{'name_user': 'cibelle souza', 'email': 'cibelle@souza.com'};INFO;test_e2e;style='{'
2020-11-09 10:30:10,022;{'name_user': 'cibelle souza', 'email': 'cibelle@souza.com'};INFO;test_e2e;style='{'
2020-11-09 10:30:12,326;{'name_user': 'cibelle souza', 'email': 'cibelle@souza.com'};INFO;test_e2e;style='{'
2020-11-09 10:30:12,326;{'name_user': 'cibelle souza', 'email': 'cibelle@souza.com'};INFO;test_e2e;style='{'
2020-11-09 10:30:17,652;Refresh 3 seconds new page: ;INFO;test_e2e;style='{'
2020-11-09 10:30:17,652;Refresh 3 seconds new page: ;INFO;test_e2e;style='{'
2020-11-09 10:32:31,233;{'name_user': 'Vinicius Miranda de Pinho', 'email': 'vinicius.vp@vpinho.com'};INFO;test_e2e;style='{'
2020-11-09 10:32:33,566;{'name_user': 'Vinicius Miranda de Pinho', 'email': 'vinicius.vp@vpinho.com'};INFO;test_e2e;style='{'
2020-11-09 10:32:38,934;Refresh 3 seconds new page: ;INFO;test_e2e;style='{'
2020-11-09 10:32:41,302;{'name_user': 'cibelle souza', 'email': 'cibelle@souza.com'};INFO;test_e2e;style='{'
2020-11-09 10:32:41,302;{'name_user': 'cibelle souza', 'email': 'cibelle@souza.com'};INFO;test_e2e;style='{'
2020-11-09 10:32:43,626;{'name_user': 'cibelle souza', 'email': 'cibelle@souza.com'};INFO;test_e2e;style='{'
2020-11-09 10:32:43,626;{'name_user': 'cibelle souza', 'email': 'cibelle@souza.com'};INFO;test_e2e;style='{'
2020-11-09 10:32:48,966;Refresh 3 seconds new page: ;INFO;test_e2e;style='{'
2020-11-09 10:32:48,966;Refresh 3 seconds new page: ;INFO;test_e2e;style='{'
2020-11-09 10:44:20,321;{'name_user': 'Vinicius Miranda de Pinho', 'email': 'vinicius.vp@vpinho.com'};INFO;test_e2e;style='{'
2020-11-09 10:44:22,648;{'name_user': 'Vinicius Miranda de Pinho', 'email': 'vinicius.vp@vpinho.com'};INFO;test_e2e;style='{'
2020-11-09 10:44:28,023;Refresh 3 seconds new page: ;INFO;test_e2e;style='{'
2020-11-09 10:44:30,371;{'name_user': 'cibelle souza', 'email': 'cibelle@souza.com'};INFO;test_e2e;style='{'
2020-11-09 10:44:30,371;{'name_user': 'cibelle souza', 'email': 'cibelle@souza.com'};INFO;test_e2e;style='{'
2020-11-09 10:44:32,672;{'name_user': 'cibelle souza', 'email': 'cibelle@souza.com'};INFO;test_e2e;style='{'
2020-11-09 10:44:32,672;{'name_user': 'cibelle souza', 'email': 'cibelle@souza.com'};INFO;test_e2e;style='{'
2020-11-09 10:44:38,000;Refresh 3 seconds new page: ;INFO;test_e2e;style='{'
2020-11-09 10:44:38,000;Refresh 3 seconds new page: ;INFO;test_e2e;style='{'
2020-11-09 10:48:49,063;{'name_user': 'Vinicius Miranda de Pinho', 'email': 'vinicius.vp@vpinho.com'};INFO;test_e2e;style='{'
2020-11-09 10:48:51,404;{'name_user': 'Vinicius Miranda de Pinho', 'email': 'vinicius.vp@vpinho.com'};INFO;test_e2e;style='{'
2020-11-09 10:48:56,777;Refresh 3 seconds new page: ;INFO;test_e2e;style='{'
2020-11-09 10:48:59,099;{'name_user': 'cibelle souza', 'email': 'cibelle@souza.com'};INFO;test_e2e;style='{'
2020-11-09 10:48:59,099;{'name_user': 'cibelle souza', 'email': 'cibelle@souza.com'};INFO;test_e2e;style='{'
2020-11-09 10:49:01,403;{'name_user': 'cibelle souza', 'email': 'cibelle@souza.com'};INFO;test_e2e;style='{'
2020-11-09 10:49:01,403;{'name_user': 'cibelle souza', 'email': 'cibelle@souza.com'};INFO;test_e2e;style='{'
2020-11-09 10:49:06,752;Refresh 3 seconds new page: ;INFO;test_e2e;style='{'
2020-11-09 10:49:06,752;Refresh 3 seconds new page: ;INFO;test_e2e;style='{'
2020-11-09 10:50:42,248;{'name_user': 'Vinicius Miranda de Pinho', 'email': 'vinicius.vp@vpinho.com'};INFO;test_e2e;style='{'
2020-11-09 10:50:44,559;{'name_user': 'Vinicius Miranda de Pinho', 'email': 'vinicius.vp@vpinho.com'};INFO;test_e2e;style='{'
2020-11-09 10:50:49,917;Refresh 3 seconds new page: ;INFO;test_e2e;style='{'
2020-11-09 10:50:52,256;{'name_user': 'cibelle souza', 'email': 'cibelle@souza.com'};INFO;test_e2e;style='{'
2020-11-09 10:50:52,256;{'name_user': 'cibelle souza', 'email': 'cibelle@souza.com'};INFO;test_e2e;style='{'
2020-11-09 10:50:54,572;{'name_user': 'cibelle souza', 'email': 'cibelle@souza.com'};INFO;test_e2e;style='{'
2020-11-09 10:50:54,572;{'name_user': 'cibelle souza', 'email': 'cibelle@souza.com'};INFO;test_e2e;style='{'
2020-11-09 10:50:59,911;Refresh 3 seconds new page: ;INFO;test_e2e;style='{'
2020-11-09 10:50:59,911;Refresh 3 seconds new page: ;INFO;test_e2e;style='{'
2020-11-09 10:51:32,431;{'name_user': 'Vinicius Miranda de Pinho', 'email': 'vinicius.vp@vpinho.com'};INFO;test_e2e;style='{'
2020-11-09 10:51:34,754;{'name_user': 'Vinicius Miranda de Pinho', 'email': 'vinicius.vp@vpinho.com'};INFO;test_e2e;style='{'
2020-11-09 10:51:40,111;Refresh 3 seconds new page: ;INFO;test_e2e;style='{'
2020-11-09 10:51:42,432;{'name_user': 'cibelle souza', 'email': 'cibelle@souza.com'};INFO;test_e2e;style='{'
2020-11-09 10:51:42,432;{'name_user': 'cibelle souza', 'email': 'cibelle@souza.com'};INFO;test_e2e;style='{'
2020-11-09 10:51:44,750;{'name_user': 'cibelle souza', 'email': 'cibelle@souza.com'};INFO;test_e2e;style='{'
2020-11-09 10:51:44,750;{'name_user': 'cibelle souza', 'email': 'cibelle@souza.com'};INFO;test_e2e;style='{'
2020-11-09 10:51:50,108;Refresh 3 seconds new page: ;INFO;test_e2e;style='{'
2020-11-09 10:51:50,108;Refresh 3 seconds new page: ;INFO;test_e2e;style='{'
2020-11-09 10:54:18,110;{'name_user': 'Vinicius Miranda de Pinho', 'email': 'vinicius.vp@vpinho.com'};INFO;test_e2e;style='{'
2020-11-09 10:54:20,434;{'name_user': 'Vinicius Miranda de Pinho', 'email': 'vinicius.vp@vpinho.com'};INFO;test_e2e;style='{'
2020-11-09 10:54:25,801;Refresh 3 seconds new page: ;INFO;test_e2e;style='{'
2020-11-09 10:55:27,715;{'name_user': 'Vinicius Miranda de Pinho', 'email': 'vinicius.vp@vpinho.com'};INFO;test_e2e;style='{'
2020-11-09 10:55:30,046;{'name_user': 'Vinicius Miranda de Pinho', 'email': 'vinicius.vp@vpinho.com'};INFO;test_e2e;style='{'
2020-11-09 10:55:35,414;Refresh 3 seconds new page: ;INFO;test_e2e;style='{'
2020-11-09 10:57:43,475;{'name_user': 'Vinicius Miranda de Pinho', 'email': 'vinicius.vp@vpinho.com'};INFO;test_e2e;style='{'
2020-11-09 10:57:45,790;{'name_user': 'Vinicius Miranda de Pinho', 'email': 'vinicius.vp@vpinho.com'};INFO;test_e2e;style='{'
2020-11-09 10:57:51,157;Refresh 3 seconds new page: ;INFO;test_e2e;style='{'
2020-11-09 10:57:53,506;{'name_user': 'Cibelle Souza', 'email': 'cibellesouza@cb.com'};INFO;test_e2e;style='{'
2020-11-09 10:57:53,506;{'name_user': 'Cibelle Souza', 'email': 'cibellesouza@cb.com'};INFO;test_e2e;style='{'
2020-11-09 10:57:55,835;{'name_user': 'Cibelle Souza', 'email': 'cibellesouza@cb.com'};INFO;test_e2e;style='{'
2020-11-09 10:57:55,835;{'name_user': 'Cibelle Souza', 'email': 'cibellesouza@cb.com'};INFO;test_e2e;style='{'
2020-11-09 10:58:01,176;Refresh 3 seconds new page: ;INFO;test_e2e;style='{'
2020-11-09 10:58:01,176;Refresh 3 seconds new page: ;INFO;test_e2e;style='{'
2020-11-09 11:00:18,906;Vinicius Miranda de Pinho;INFO;test_e2e;style='{'
2020-11-09 11:00:21,233;vinicius.vp@vpinho.com;INFO;test_e2e;style='{'
2020-11-09 11:00:26,610;Refresh 3 seconds new page: ;INFO;test_e2e;style='{'
2020-11-09 11:00:28,948;Cibelle Souza;INFO;test_e2e;style='{'
2020-11-09 11:00:28,948;Cibelle Souza;INFO;test_e2e;style='{'
2020-11-09 11:00:31,259;cibellesouza@cb.com;INFO;test_e2e;style='{'
2020-11-09 11:00:31,259;cibellesouza@cb.com;INFO;test_e2e;style='{'
2020-11-09 11:00:36,593;Refresh 3 seconds new page: ;INFO;test_e2e;style='{'
2020-11-09 11:00:36,593;Refresh 3 seconds new page: ;INFO;test_e2e;style='{'
2020-11-09 11:04:52,760;Vinicius Miranda de Pinho;INFO;test_e2e;style='{'
2020-11-09 11:04:55,089;vinicius.vp@vpinho.com;INFO;test_e2e;style='{'
2020-11-09 11:05:00,481;Refresh 3 seconds new page: ;INFO;test_e2e;style='{'
2020-11-09 11:05:02,826;Cibelle Souza;INFO;test_e2e;style='{'
2020-11-09 11:05:02,826;Cibelle Souza;INFO;test_e2e;style='{'
2020-11-09 11:05:05,118;cibellesouza@cb.com;INFO;test_e2e;style='{'
2020-11-09 11:05:05,118;cibellesouza@cb.com;INFO;test_e2e;style='{'
2020-11-09 11:05:10,445;Refresh 3 seconds new page: ;INFO;test_e2e;style='{'
2020-11-09 11:05:10,445;Refresh 3 seconds new page: ;INFO;test_e2e;style='{'
2020-11-09 11:10:42,202;Vinicius Miranda de Pinho;INFO;test_e2e;style='{'
2020-11-09 11:10:44,513;vinicius.vp@vpinho.com;INFO;test_e2e;style='{'
2020-11-09 11:10:49,868;Refresh 3 seconds new page: ;INFO;test_e2e;style='{'
2020-11-09 11:10:52,227;Cibelle Souza;INFO;test_e2e;style='{'
2020-11-09 11:10:54,552;cibellesouza@cb.com;INFO;test_e2e;style='{'
2020-11-09 11:10:59,899;Refresh 3 seconds new page: ;INFO;test_e2e;style='{'
2020-11-09 11:24:01,470;Vinicius Miranda de Pinho;INFO;test_e2e;style='{'
2020-11-09 11:24:03,784;vinicius.vp@vpinho.com;INFO;test_e2e;style='{'
2020-11-09 11:24:09,180;Refresh 3 seconds new page: ;INFO;test_e2e;style='{'
2020-11-09 11:24:11,497;Cibelle Souza;INFO;test_e2e;style='{'
2020-11-09 11:24:13,809;cibellesouza@cb.com;INFO;test_e2e;style='{'
2020-11-09 11:24:19,211;Refresh 3 seconds new page: ;INFO;test_e2e;style='{'
2020-11-09 11:28:52,864;Vinicius Miranda de Pinho;INFO;test_e2e;style='{'
2020-11-09 11:28:55,194;vinicius.vp@vpinho.com;INFO;test_e2e;style='{'
2020-11-09 11:29:00,601;Refresh 3 seconds new page: ;INFO;test_e2e;style='{'
2020-11-09 11:29:02,933;Cibelle Souza;INFO;test_e2e;style='{'
2020-11-09 11:29:05,231;cibellesouza@cb.com;INFO;test_e2e;style='{'
2020-11-09 11:29:10,598;Refresh 3 seconds new page: ;INFO;test_e2e;style='{'
2020-11-09 11:31:11,650;Vinicius Miranda de Pinho;INFO;test_e2e;style='{'
2020-11-09 11:31:13,968;vinicius.vp@vpinho.com;INFO;test_e2e;style='{'
2020-11-09 11:31:19,340;Refresh 3 seconds new page: ;INFO;test_e2e;style='{'
2020-11-09 11:31:21,668;Cibelle Souza;INFO;test_e2e;style='{'
2020-11-09 11:31:23,973;cibellesouza@cb.com;INFO;test_e2e;style='{'
2020-11-09 11:31:29,341;Refresh 3 seconds new page: ;INFO;test_e2e;style='{'
2020-11-09 11:38:40,375;Vinicius Miranda de Pinho;INFO;test_e2e;style='{'
2020-11-09 11:38:42,700;vinicius.vp@vpinho.com;INFO;test_e2e;style='{'
2020-11-09 11:38:48,071;Refresh 3 seconds new page: ;INFO;test_e2e;style='{'
2020-11-09 11:38:50,398;Cibelle Souza;INFO;test_e2e;style='{'
2020-11-09 11:38:52,722;cibellesouza@cb.com;INFO;test_e2e;style='{'
2020-11-09 11:38:58,069;Refresh 3 seconds new page: ;INFO;test_e2e;style='{'
2020-11-09 11:41:10,379;Vinicius Miranda de Pinho;INFO;test_e2e;style='{'
2020-11-09 11:41:12,706;vinicius.vp@vpinho.com;INFO;test_e2e;style='{'
2020-11-09 11:41:18,063;Refresh 3 seconds new page: ;INFO;test_e2e;style='{'
2020-11-09 11:41:20,396;Cibelle Souza;INFO;test_e2e;style='{'
2020-11-09 11:41:22,715;cibellesouza@cb.com;INFO;test_e2e;style='{'
2020-11-09 11:41:28,047;Refresh 3 seconds new page: ;INFO;test_e2e;style='{'
2020-11-09 11:44:30,399;Vinicius Miranda de Pinho;INFO;test_e2e;style='{'
2020-11-09 11:44:32,733;vinicius.vp@vpinho.com;INFO;test_e2e;style='{'
2020-11-09 11:44:38,109;Refresh 3 seconds new page: ;INFO;test_e2e;style='{'
2020-11-09 11:44:40,459;Cibelle Souza;INFO;test_e2e;style='{'
2020-11-09 11:44:40,459;Cibelle Souza;INFO;test_e2e;style='{'
2020-11-09 11:44:42,775;cibellesouza@cb.com;INFO;test_e2e;style='{'
2020-11-09 11:44:42,775;cibellesouza@cb.com;INFO;test_e2e;style='{'
2020-11-09 11:44:48,112;Refresh 3 seconds new page: ;INFO;test_e2e;style='{'
2020-11-09 11:44:48,112;Refresh 3 seconds new page: ;INFO;test_e2e;style='{'
2020-11-09 11:45:43,237;Vinicius Miranda de Pinho;INFO;test_e2e;style='{'
2020-11-09 11:45:45,558;vinicius.vp@vpinho.com;INFO;test_e2e;style='{'
2020-11-09 11:45:50,906;Refresh 3 seconds new page: ;INFO;test_e2e;style='{'
2020-11-09 11:45:53,227;Cibelle Souza;INFO;test_e2e;style='{'
2020-11-09 11:45:55,558;cibellesouza@cb.com;INFO;test_e2e;style='{'
2020-11-09 11:46:00,907;Refresh 3 seconds new page: ;INFO;test_e2e;style='{'
2020-11-09 11:55:32,641;Vinicius Miranda de Pinho;INFO;test_e2e;style='{'
2020-11-09 11:55:34,961;vinicius.vp@vpinho.com;INFO;test_e2e;style='{'
2020-11-09 11:55:40,340;Refresh 3 seconds new page: ;INFO;test_e2e;style='{'
2020-11-09 11:55:42,676;Cibelle Souza;INFO;test_e2e;style='{'
2020-11-09 11:55:45,006;cibellesouza@cb.com;INFO;test_e2e;style='{'
2020-11-09 11:55:50,602;Refresh 3 seconds new page: ;INFO;test_e2e;style='{'
2020-11-09 11:58:53,459;Vinicius Miranda de Pinho;INFO;test_e2e;style='{'
2020-11-09 11:58:55,797;vinicius.vp@vpinho.com;INFO;test_e2e;style='{'
2020-11-09 11:59:01,175;Refresh 3 seconds new page: ;INFO;test_e2e;style='{'
2020-11-09 11:59:03,510;Cibelle Souza;INFO;test_e2e;style='{'
2020-11-09 11:59:05,820;cibellesouza@cb.com;INFO;test_e2e;style='{'
2020-11-09 11:59:11,167;Refresh 3 seconds new page: ;INFO;test_e2e;style='{'
